WARN  2017-08-31 16:51:27 unity.shell.compiz unityshell.cpp:3241 Animation plugin not found. Can't set minimize speed.
console.error: 
  Corrupt session file (invalid JSON found) 
  Message: SyntaxError: JSON.parse: unexpected end of data at line 1 column 1 of the JSON data
  Stack:
    SessionFileInternal.read<@resource://app/modules/sessionstore/SessionFile.jsm:227:22
TaskImpl_run@resource://gre/modules/Task.jsm:319:40
Handler.prototype.process@resource://gre/modules/Promise.jsm -> resource://gre/modules/Promise-backend.js:937:23
this.PromiseWalker.walkerLoop@resource://gre/modules/Promise.jsm -> resource://gre/modules/Promise-backend.js:816:7
this.PromiseWalker.scheduleWalkerLoop/<@resource://gre/modules/Promise.jsm -> resource://gre/modules/Promise-backend.js:750:11

  SessionFileInternal.read<@resource://app/modules/sessionstore/SessionFile.jsm:227:22
TaskImpl_run@resource://gre/modules/Task.jsm:319:40
Handler.prototype.process@resource://gre/modules/Promise.jsm -> resource://gre/modules/Promise-backend.js:937:23
this.PromiseWalker.walkerLoop@resource://gre/modules/Promise.jsm -> resource://gre/modules/Promise-backend.js:816:7
this.PromiseWalker.scheduleWalkerLoop/<@resource://gre/modules/Promise.jsm -> resource://gre/modules/Promise-backend.js:750:11

WARN  2017-08-31 16:54:05 unity.shell.compiz unityshell.cpp:3241 Animation plugin not found. Can't set minimize speed.
WARN  2017-08-31 16:54:14 unity.shell.compiz unityshell.cpp:3241 Animation plugin not found. Can't set minimize speed.
1504216635342	addons.xpi	WARN	Add-on langpack-en-GB@firefox.mozilla.org is not compatible with application version.
1504216635345	addons.xpi	WARN	Add-on langpack-en-ZA@firefox.mozilla.org is not compatible with application version.
1504216754246	addons.xpi	WARN	Add-on langpack-en-GB@firefox.mozilla.org is not compatible with application version.
1504216754247	addons.xpi	WARN	Add-on langpack-en-ZA@firefox.mozilla.org is not compatible with application version.
1504216994632	addons.xpi	WARN	Add-on langpack-en-GB@firefox.mozilla.org is not compatible with application version.
1504216994642	addons.xpi	WARN	Add-on langpack-en-ZA@firefox.mozilla.org is not compatible with application version.
1504216995040	addons.update-checker	WARN	Update manifest for firefox@getpocket.com did not contain an updates property
1504216995058	addons.update-checker	WARN	Update manifest for webcompat@mozilla.org did not contain an updates property
1504216995094	addons.update-checker	WARN	Update manifest for {972ce4c6-7e08-4474-a285-3208198ce6fd} did not contain an updates property
1504216995119	addons.update-checker	WARN	Update manifest for disableSHA1rollout@mozilla.org did not contain an updates property
1504216995149	addons.update-checker	WARN	Update manifest for e10srollout@mozilla.org did not contain an updates property
1504216995169	addons.update-checker	WARN	Update manifest for diagnostics@mozilla.org did not contain an updates property
1504216995178	addons.update-checker	WARN	Update manifest for aushelper@mozilla.org did not contain an updates property
1504216995187	addons.update-checker	WARN	Update manifest for hsts-priming@mozilla.org did not contain an updates property
